This is pdfTeX, Version 3.141592653-2.6-1.40.27 (MiKTeX 25.3) (preloaded format=pdflatex 2025.3.12)  12 JUL 2026 13:07
entering extended mode
 restricted \write18 enabled.
 %&-line parsing enabled.
**./AISD-SS26-Group-7-final-report.tex
(AISD-SS26-Group-7-final-report.tex
LaTeX2e <2024-11-01> patch level 2
L3 programming layer <2025-01-18>
(C:\Users\timzc\AppData\Local\Programs\MiKTeX\tex/latex/base\article.cls
Document Class: article 2024/06/29 v1.4n Standard LaTeX document class
(C:\Users\timzc\AppData\Local\Programs\MiKTeX\tex/latex/base\size11.clo
File: size11.clo 2024/06/29 v1.4n Standard LaTeX file (size option)
)
\c@part=\count196
\c@section=\count197
\c@subsection=\count198
\c@subsubsection=\count199
\c@paragraph=\count266
\c@subparagraph=\count267
\c@figure=\count268
\c@table=\count269
\abovecaptionskip=\skip49
\belowcaptionskip=\skip50
\bibindent=\dimen141
)
(C:\Users\timzc\AppData\Local\Programs\MiKTeX\tex/latex/geometry\geometry.sty
Package: geometry 2026/03/07 v6.0 Page Geometry

(C:\Users\timzc\AppData\Local\Programs\MiKTeX\tex/latex/graphics\keyval.sty
Package: keyval 2022/05/29 v1.15 key=value parser (DPC)
\KV@toks@=\toks17
)
(C:\Users\timzc\AppData\Local\Programs\MiKTeX\tex/generic/iftex\ifvtex.sty
Package: ifvtex 2019/10/25 v1.7 ifvtex legacy package. Use iftex instead.

(C:\Users\timzc\AppData\Local\Programs\MiKTeX\tex/generic/iftex\iftex.sty
Package: iftex 2024/12/12 v1.0g TeX engine tests
))
\Gm@cnth=\count270
\Gm@cntv=\count271
\c@Gm@tempcnt=\count272
\Gm@bindingoffset=\dimen142
\Gm@wd@mp=\dimen143
\Gm@odd@mp=\dimen144
\Gm@even@mp=\dimen145
\Gm@layoutwidth=\dimen146
\Gm@layoutheight=\dimen147
\Gm@layouthoffset=\dimen148
\Gm@layoutvoffset=\dimen149
\Gm@dimlist=\toks18

(C:\Users\timzc\AppData\Local\Programs\MiKTeX\tex/latex/geometry\geometry.cfg))
(C:\Users\timzc\AppData\Local\Programs\MiKTeX\tex/latex/graphics\graphicx.sty
Package: graphicx 2021/09/16 v1.2d Enhanced LaTeX Graphics (DPC,SPQR)

(C:\Users\timzc\AppData\Local\Programs\MiKTeX\tex/latex/graphics\graphics.sty
Package: graphics 2024/08/06 v1.4g Standard LaTeX Graphics (DPC,SPQR)

(C:\Users\timzc\AppData\Local\Programs\MiKTeX\tex/latex/graphics\trig.sty
Package: trig 2023/12/02 v1.11 sin cos tan (DPC)
)
(C:\Users\timzc\AppData\Local\Programs\MiKTeX\tex/latex/graphics-cfg\graphics.c
fg
File: graphics.cfg 2016/06/04 v1.11 sample graphics configuration
)
Package graphics Info: Driver file: pdftex.def on input line 106.

(C:\Users\timzc\AppData\Local\Programs\MiKTeX\tex/latex/graphics-def\pdftex.def
File: pdftex.def 2024/04/13 v1.2c Graphics/color driver for pdftex
))
\Gin@req@height=\dimen150
\Gin@req@width=\dimen151
) (C:\Users\timzc\AppData\Local\Programs\MiKTeX\tex/latex/float\float.sty
Package: float 2001/11/08 v1.3d Float enhancements (AL)
\c@float@type=\count273
\float@exts=\toks19
\float@box=\box52
\@float@everytoks=\toks20
\@floatcapt=\box53
)
(C:\Users\timzc\AppData\Local\Programs\MiKTeX\tex/latex/booktabs\booktabs.sty
Package: booktabs 2020/01/12 v1.61803398 Publication quality tables
\heavyrulewidth=\dimen152
\lightrulewidth=\dimen153
\cmidrulewidth=\dimen154
\belowrulesep=\dimen155
\belowbottomsep=\dimen156
\aboverulesep=\dimen157
\abovetopsep=\dimen158
\cmidrulesep=\dimen159
\cmidrulekern=\dimen160
\defaultaddspace=\dimen161
\@cmidla=\count274
\@cmidlb=\count275
\@aboverulesep=\dimen162
\@belowrulesep=\dimen163
\@thisruleclass=\count276
\@lastruleclass=\count277
\@thisrulewidth=\dimen164
)
(C:\Users\timzc\AppData\Local\Programs\MiKTeX\tex/latex/tools\array.sty
Package: array 2024/10/17 v2.6g Tabular extension package (FMi)
\col@sep=\dimen165
\ar@mcellbox=\box54
\extrarowheight=\dimen166
\NC@list=\toks21
\extratabsurround=\skip51
\backup@length=\skip52
\ar@cellbox=\box55
)
(C:\Users\timzc\AppData\Local\Programs\MiKTeX\tex/latex/xcolor\xcolor.sty
Package: xcolor 2024/09/29 v3.02 LaTeX color extensions (UK)

(C:\Users\timzc\AppData\Local\Programs\MiKTeX\tex/latex/graphics-cfg\color.cfg
File: color.cfg 2016/01/02 v1.6 sample color configuration
)
Package xcolor Info: Driver file: pdftex.def on input line 274.
(C:\Users\timzc\AppData\Local\Programs\MiKTeX\tex/latex/graphics\mathcolor.ltx)
Package xcolor Info: Model `cmy' substituted by `cmy0' on input line 1349.
Package xcolor Info: Model `hsb' substituted by `rgb' on input line 1353.
Package xcolor Info: Model `RGB' extended on input line 1365.
Package xcolor Info: Model `HTML' substituted by `rgb' on input line 1367.
Package xcolor Info: Model `Hsb' substituted by `hsb' on input line 1368.
Package xcolor Info: Model `tHsb' substituted by `hsb' on input line 1369.
Package xcolor Info: Model `HSB' substituted by `hsb' on input line 1370.
Package xcolor Info: Model `Gray' substituted by `gray' on input line 1371.
Package xcolor Info: Model `wave' substituted by `hsb' on input line 1372.
) (C:\Users\timzc\AppData\Local\Programs\MiKTeX\tex/latex/colortbl\colortbl.sty
Package: colortbl 2026/05/01 v1.0l Color table columns (DPC)
\everycr=\toks22
\minrowclearance=\skip53
\rownum=\count278
) (C:\Users\timzc\AppData\Local\Programs\MiKTeX\tex/latex/hyperref\hyperref.sty
Package: hyperref 2024-11-05 v7.01l Hypertext links for LaTeX

(C:\Users\timzc\AppData\Local\Programs\MiKTeX\tex/latex/kvsetkeys\kvsetkeys.sty
Package: kvsetkeys 2022-10-05 v1.19 Key value parser (HO)
)
(C:\Users\timzc\AppData\Local\Programs\MiKTeX\tex/generic/kvdefinekeys\kvdefine
keys.sty
Package: kvdefinekeys 2019-12-19 v1.6 Define keys (HO)
)
(C:\Users\timzc\AppData\Local\Programs\MiKTeX\tex/generic/pdfescape\pdfescape.s
ty
Package: pdfescape 2019/12/09 v1.15 Implements pdfTeX's escape features (HO)

(C:\Users\timzc\AppData\Local\Programs\MiKTeX\tex/generic/ltxcmds\ltxcmds.sty
Package: ltxcmds 2023-12-04 v1.26 LaTeX kernel commands for general use (HO)
)
(C:\Users\timzc\AppData\Local\Programs\MiKTeX\tex/generic/pdftexcmds\pdftexcmds
.sty
Package: pdftexcmds 2020-06-27 v0.33 Utility functions of pdfTeX for LuaTeX (HO
)

(C:\Users\timzc\AppData\Local\Programs\MiKTeX\tex/generic/infwarerr\infwarerr.s
ty
Package: infwarerr 2019/12/03 v1.5 Providing info/warning/error messages (HO)
)
Package pdftexcmds Info: \pdf@primitive is available.
Package pdftexcmds Info: \pdf@ifprimitive is available.
Package pdftexcmds Info: \pdfdraftmode found.
))
(C:\Users\timzc\AppData\Local\Programs\MiKTeX\tex/latex/hycolor\hycolor.sty
Package: hycolor 2020-01-27 v1.10 Color options for hyperref/bookmark (HO)
)
(C:\Users\timzc\AppData\Local\Programs\MiKTeX\tex/latex/hyperref\nameref.sty
Package: nameref 2023-11-26 v2.56 Cross-referencing by name of section

(C:\Users\timzc\AppData\Local\Programs\MiKTeX\tex/latex/refcount\refcount.sty
Package: refcount 2019/12/15 v3.6 Data extraction from label references (HO)
)
(C:\Users\timzc\AppData\Local\Programs\MiKTeX\tex/generic/gettitlestring\gettit
lestring.sty
Package: gettitlestring 2019/12/15 v1.6 Cleanup title references (HO)

(C:\Users\timzc\AppData\Local\Programs\MiKTeX\tex/latex/kvoptions\kvoptions.sty
Package: kvoptions 2022-06-15 v3.15 Key value format for package options (HO)
))
\c@section@level=\count279
)
(C:\Users\timzc\AppData\Local\Programs\MiKTeX\tex/latex/etoolbox\etoolbox.sty
Package: etoolbox 2025/02/11 v2.5l e-TeX tools for LaTeX (JAW)
\etb@tempcnta=\count280
)
(C:\Users\timzc\AppData\Local\Programs\MiKTeX\tex/generic/stringenc\stringenc.s
ty
Package: stringenc 2019/11/29 v1.12 Convert strings between diff. encodings (HO
)
)
\@linkdim=\dimen167
\Hy@linkcounter=\count281
\Hy@pagecounter=\count282
 (C:\Users\timzc\AppData\Local\Programs\MiKTeX\tex/latex/hyperref\pd1enc.def
File: pd1enc.def 2024-11-05 v7.01l Hyperref: PDFDocEncoding definition (HO)
Now handling font encoding PD1 ...
... no UTF-8 mapping file for font encoding PD1
) (C:\Users\timzc\AppData\Local\Programs\MiKTeX\tex/generic/intcalc\intcalc.sty
Package: intcalc 2019/12/15 v1.3 Expandable calculations with integers (HO)
)
\Hy@SavedSpaceFactor=\count283
 (C:\Users\timzc\AppData\Local\Programs\MiKTeX\tex/latex/hyperref\puenc.def
File: puenc.def 2024-11-05 v7.01l Hyperref: PDF Unicode definition (HO)
Now handling font encoding PU ...
... no UTF-8 mapping file for font encoding PU
)
Package hyperref Info: Hyper figures OFF on input line 4157.
Package hyperref Info: Link nesting OFF on input line 4162.
Package hyperref Info: Hyper index ON on input line 4165.
Package hyperref Info: Plain pages OFF on input line 4172.
Package hyperref Info: Backreferencing OFF on input line 4177.
Package hyperref Info: Implicit mode ON; LaTeX internals redefined.
Package hyperref Info: Bookmarks ON on input line 4424.
\c@Hy@tempcnt=\count284

(C:\Users\timzc\AppData\Local\Programs\MiKTeX\tex/latex/url\url.sty
\Urlmuskip=\muskip17
Package: url 2013/09/16  ver 3.4  Verb mode for urls, etc.
)
LaTeX Info: Redefining \url on input line 4763.
\XeTeXLinkMargin=\dimen168

(C:\Users\timzc\AppData\Local\Programs\MiKTeX\tex/generic/bitset\bitset.sty
Package: bitset 2019/12/09 v1.3 Handle bit-vector datatype (HO)

(C:\Users\timzc\AppData\Local\Programs\MiKTeX\tex/generic/bigintcalc\bigintcalc
.sty
Package: bigintcalc 2019/12/15 v1.5 Expandable calculations on big integers (HO
)
))
\Fld@menulength=\count285
\Field@Width=\dimen169
\Fld@charsize=\dimen170
Package hyperref Info: Hyper figures OFF on input line 6042.
Package hyperref Info: Link nesting OFF on input line 6047.
Package hyperref Info: Hyper index ON on input line 6050.
Package hyperref Info: backreferencing OFF on input line 6057.
Package hyperref Info: Link coloring OFF on input line 6062.
Package hyperref Info: Link coloring with OCG OFF on input line 6067.
Package hyperref Info: PDF/A mode OFF on input line 6072.

(C:\Users\timzc\AppData\Local\Programs\MiKTeX\tex/latex/base\atbegshi-ltx.sty
Package: atbegshi-ltx 2021/01/10 v1.0c Emulation of the original atbegshi
package with kernel methods
)
\Hy@abspage=\count286
\c@Item=\count287
\c@Hfootnote=\count288
)
Package hyperref Info: Driver (autodetected): hpdftex.
(C:\Users\timzc\AppData\Local\Programs\MiKTeX\tex/latex/hyperref\hpdftex.def
File: hpdftex.def 2024-11-05 v7.01l Hyperref driver for pdfTeX

(C:\Users\timzc\AppData\Local\Programs\MiKTeX\tex/latex/base\atveryend-ltx.sty
Package: atveryend-ltx 2020/08/19 v1.0a Emulation of the original atveryend pac
kage
with kernel methods
)
\Fld@listcount=\count289
\c@bookmark@seq@number=\count290

(C:\Users\timzc\AppData\Local\Programs\MiKTeX\tex/latex/rerunfilecheck\rerunfil
echeck.sty
Package: rerunfilecheck 2025-06-21 v1.11 Rerun checks for auxiliary files (HO)

(C:\Users\timzc\AppData\Local\Programs\MiKTeX\tex/generic/uniquecounter\uniquec
ounter.sty
Package: uniquecounter 2019/12/15 v1.4 Provide unlimited unique counter (HO)
)
Package uniquecounter Info: New unique counter `rerunfilecheck' on input line 2
84.
)
\Hy@SectionHShift=\skip54
)
(C:\Users\timzc\AppData\Local\Programs\MiKTeX\tex/latex/enumitem\enumitem.sty
Package: enumitem 2025/02/06 v3.11 Customized lists
\labelindent=\skip55
\enit@outerparindent=\dimen171
\enit@toks=\toks23
\enit@inbox=\box56
\enit@count@id=\count291
\enitdp@description=\count292
)
(C:\Users\timzc\AppData\Local\Programs\MiKTeX\tex/latex/caption\caption.sty
Package: caption 2023/08/05 v3.6o Customizing captions (AR)

(C:\Users\timzc\AppData\Local\Programs\MiKTeX\tex/latex/caption\caption3.sty
Package: caption3 2023/07/31 v2.4d caption3 kernel (AR)
\caption@tempdima=\dimen172
\captionmargin=\dimen173
\caption@leftmargin=\dimen174
\caption@rightmargin=\dimen175
\caption@width=\dimen176
\caption@indent=\dimen177
\caption@parindent=\dimen178
\caption@hangindent=\dimen179
Package caption Info: Standard document class detected.
)
\c@caption@flags=\count293
\c@continuedfloat=\count294
Package caption Info: float package is loaded.
Package caption Info: hyperref package is loaded.
)
(C:\Users\timzc\AppData\Local\Programs\MiKTeX\tex/latex/tools\tabularx.sty
Package: tabularx 2023/12/11 v2.12a `tabularx' package (DPC)
\TX@col@width=\dimen180
\TX@old@table=\dimen181
\TX@old@col=\dimen182
\TX@target=\dimen183
\TX@delta=\dimen184
\TX@cols=\count295
\TX@ftn=\toks24
)
Package hyperref Info: Option `colorlinks' set `true' on input line 18.

(C:\Users\timzc\AppData\Local\Programs\MiKTeX\tex/latex/l3backend\l3backend-pdf
tex.def
File: l3backend-pdftex.def 2024-05-08 L3 backend support: PDF output (pdfTeX)
\l__color_backend_stack_int=\count296
\l__pdf_internal_box=\box57
)
(C:\Users\timzc\Desktop\TUM\BIE\4th\AI Coding Modern Software Development\proje
ct\AISD-SS26-Group-7\output\final-report\build\AISD-SS26-Group-7-final-report.a
ux)
\openout1 = `AISD-SS26-Group-7-final-report.aux'.

LaTeX Font Info:    Checking defaults for OML/cmm/m/it on input line 31.
LaTeX Font Info:    ... okay on input line 31.
LaTeX Font Info:    Checking defaults for OMS/cmsy/m/n on input line 31.
LaTeX Font Info:    ... okay on input line 31.
LaTeX Font Info:    Checking defaults for OT1/cmr/m/n on input line 31.
LaTeX Font Info:    ... okay on input line 31.
LaTeX Font Info:    Checking defaults for T1/cmr/m/n on input line 31.
LaTeX Font Info:    ... okay on input line 31.
LaTeX Font Info:    Checking defaults for TS1/cmr/m/n on input line 31.
LaTeX Font Info:    ... okay on input line 31.
LaTeX Font Info:    Checking defaults for OMX/cmex/m/n on input line 31.
LaTeX Font Info:    ... okay on input line 31.
LaTeX Font Info:    Checking defaults for U/cmr/m/n on input line 31.
LaTeX Font Info:    ... okay on input line 31.
LaTeX Font Info:    Checking defaults for PD1/pdf/m/n on input line 31.
LaTeX Font Info:    ... okay on input line 31.
LaTeX Font Info:    Checking defaults for PU/pdf/m/n on input line 31.
LaTeX Font Info:    ... okay on input line 31.

*geometry* driver: auto-detecting
*geometry* detected driver: pdftex
*geometry* verbose mode - [ preamble ] result:
* driver: pdftex
* paper: a4paper
* layout: <same size as paper>
* layoutoffset:(h,v)=(0.0pt,0.0pt)
* modes: 
* h-part:(L,W,R)=(62.59605pt, 472.31577pt, 62.59605pt)
* v-part:(T,H,B)=(62.59605pt, 719.85474pt, 62.59605pt)
* \paperwidth=597.50787pt
* \paperheight=845.04684pt
* \textwidth=472.31577pt
* \textheight=719.85474pt
* \oddsidemargin=-9.67393pt
* \evensidemargin=-9.67393pt
* \topmargin=-46.67393pt
* \headheight=12.0pt
* \headsep=25.0pt
* \topskip=11.0pt
* \footskip=30.0pt
* \marginparwidth=50.0pt
* \marginparsep=10.0pt
* \columnsep=10.0pt
* \skip\footins=10.0pt plus 4.0pt minus 2.0pt
* \hoffset=0.0pt
* \voffset=0.0pt
* \mag=1000
* \@twocolumnfalse
* \@twosidefalse
* \@mparswitchfalse
* \@reversemarginfalse
* (1in=72.27pt=25.4mm, 1cm=28.453pt)


(C:\Users\timzc\AppData\Local\Programs\MiKTeX\tex/context/base/mkii\supp-pdf.mk
ii
[Loading MPS to PDF converter (version 2006.09.02).]
\scratchcounter=\count297
\scratchdimen=\dimen185
\scratchbox=\box58
\nofMPsegments=\count298
\nofMParguments=\count299
\everyMPshowfont=\toks25
\MPscratchCnt=\count300
\MPscratchDim=\dimen186
\MPnumerator=\count301
\makeMPintoPDFobject=\count302
\everyMPtoPDFconversion=\toks26
)
(C:\Users\timzc\AppData\Local\Programs\MiKTeX\tex/latex/epstopdf-pkg\epstopdf-b
ase.sty
Package: epstopdf-base 2020-01-24 v2.11 Base part for package epstopdf
Package epstopdf-base Info: Redefining graphics rule for `.eps' on input line 4
85.

(C:\Users\timzc\AppData\Local\Programs\MiKTeX\tex/latex/00miktex\epstopdf-sys.c
fg
File: epstopdf-sys.cfg 2021/03/18 v2.0 Configuration of epstopdf for MiKTeX
))
Package hyperref Info: Link coloring ON on input line 31.

(C:\Users\timzc\Desktop\TUM\BIE\4th\AI Coding Modern Software Development\proje
ct\AISD-SS26-Group-7\output\final-report\build\AISD-SS26-Group-7-final-report.o
ut)
(C:\Users\timzc\Desktop\TUM\BIE\4th\AI Coding Modern Software Development\proje
ct\AISD-SS26-Group-7\output\final-report\build\AISD-SS26-Group-7-final-report.o
ut)
\@outlinefile=\write3
\openout3 = `AISD-SS26-Group-7-final-report.out'.

Package caption Info: Begin \AtBeginDocument code.
Package caption Info: End \AtBeginDocument code.
Package hyperref Info: Option `pageanchor' set `false' on input line 33.
<figures/tum-logo.png, id=147, 1782.66pt x 939.51pt>
File: figures/tum-logo.png Graphic file (type png)
<use figures/tum-logo.png>
Package pdftex.def Info: figures/tum-logo.png  used on input line 37.
(pdftex.def)             Requested size: 64.76598pt x 34.1433pt.
LaTeX Font Info:    External font `cmex10' loaded for size
(Font)              <10.95> on input line 48.
LaTeX Font Info:    External font `cmex10' loaded for size
(Font)              <8> on input line 48.
LaTeX Font Info:    External font `cmex10' loaded for size
(Font)              <6> on input line 48.


[1

{C:/Users/timzc/AppData/Local/MiKTeX/fonts/map/pdftex/pdftex.map} <./figures/tu
m-logo.png>]
(C:\Users\timzc\Desktop\TUM\BIE\4th\AI Coding Modern Software Development\proje
ct\AISD-SS26-Group-7\output\final-report\build\AISD-SS26-Group-7-final-report.t
oc

[1])
\tf@toc=\write4
\openout4 = `AISD-SS26-Group-7-final-report.toc'.



[2]
Package hyperref Info: Option `pageanchor' set `true' on input line 68.


[1]
<figures/demo-login.png, id=211, 1269.74374pt x 905.3825pt>
File: figures/demo-login.png Graphic file (type png)
<use figures/demo-login.png>
Package pdftex.def Info: figures/demo-login.png  used on input line 117.
(pdftex.def)             Requested size: 448.69853pt x 319.94174pt.
<figures/demo-admin-dashboard.png, id=212, 460.72125pt x 233.15678pt>
File: figures/demo-admin-dashboard.png Graphic file (type png)
<use figures/demo-admin-dashboard.png>
Package pdftex.def Info: figures/demo-admin-dashboard.png  used on input line 1
29.
(pdftex.def)             Requested size: 448.69853pt x 227.07256pt.


[2 <./figures/demo-login.png>]
<figures/demo-admin-create-basics.png, id=218, 450.82715pt x 233.15678pt>
File: figures/demo-admin-create-basics.png Graphic file (type png)
<use figures/demo-admin-create-basics.png>
Package pdftex.def Info: figures/demo-admin-create-basics.png  used on input li
ne 148.
(pdftex.def)             Requested size: 448.69853pt x 232.06042pt.
<figures/demo-admin-create-review.png, id=219, 446.09518pt x 232.29643pt>
File: figures/demo-admin-create-review.png Graphic file (type png)
<use figures/demo-admin-create-review.png>
Package pdftex.def Info: figures/demo-admin-create-review.png  used on input li
ne 150.
(pdftex.def)             Requested size: 448.69853pt x 233.64987pt.


[3 <./figures/demo-admin-dashboard.png>]
<figures/demo-admin-users.png, id=227, 376.83643pt x 225.84375pt>
File: figures/demo-admin-users.png Graphic file (type png)
<use figures/demo-admin-users.png>
Package pdftex.def Info: figures/demo-admin-users.png  used on input line 162.
(pdftex.def)             Requested size: 448.69853pt x 268.92624pt.


[4 <./figures/demo-admin-create-basics.png> <./figures/demo-admin-create-review
.png>]
<figures/demo-admin-reports.png, id=236, 453.8384pt x 231.00589pt>
File: figures/demo-admin-reports.png Graphic file (type png)
<use figures/demo-admin-reports.png>
Package pdftex.def Info: figures/demo-admin-reports.png  used on input line 174
.
(pdftex.def)             Requested size: 448.69853pt x 228.40044pt.


[5 <./figures/demo-admin-users.png>]
<figures/report-scoring-contract.pdf, id=243, 597.50786pt x 845.04686pt>
File: figures/report-scoring-contract.pdf Graphic file (type pdf)
<use figures/report-scoring-contract.pdf>
Package pdftex.def Info: figures/report-scoring-contract.pdf  used on input lin
e 180.
(pdftex.def)             Requested size: 434.52963pt x 614.54521pt.


[6 <./figures/demo-admin-reports.png>]

[7 <./figures/report-scoring-contract.pdf>]
<figures/demo-student-dashboard.png, id=258, 454.69875pt x 228.855pt>
File: figures/demo-student-dashboard.png Graphic file (type png)
<use figures/demo-student-dashboard.png>
Package pdftex.def Info: figures/demo-student-dashboard.png  used on input line
 196.
(pdftex.def)             Requested size: 448.69853pt x 225.8373pt.
<figures/demo-student-start.png, id=259, 456.84964pt x 231.86626pt>
File: figures/demo-student-start.png Graphic file (type png)
<use figures/demo-student-start.png>
Package pdftex.def Info: figures/demo-student-start.png  used on input line 206
.
(pdftex.def)             Requested size: 448.69853pt x 227.72977pt.


[8 <./figures/demo-student-dashboard.png>]
<figures/demo-student-workspace.png, id=266, 462.01178pt x 232.29643pt>
File: figures/demo-student-workspace.png Graphic file (type png)
<use figures/demo-student-workspace.png>
Package pdftex.def Info: figures/demo-student-workspace.png  used on input line
 226.
(pdftex.def)             Requested size: 448.69853pt x 225.60727pt.


[9 <./figures/demo-student-start.png>]

[10 <./figures/demo-student-workspace.png>]
<figures/architecture-clean.png, id=281, 6528.39pt x 3136.71875pt>
File: figures/architecture-clean.png Graphic file (type png)
<use figures/architecture-clean.png>
Package pdftex.def Info: figures/architecture-clean.png  used on input line 264
.
(pdftex.def)             Requested size: 448.69853pt x 215.5723pt.
<figures/architecture-detailed.png, id=283, 8222.72pt x 6112.8375pt>
File: figures/architecture-detailed.png Graphic file (type png)
<use figures/architecture-detailed.png>
Package pdftex.def Info: figures/architecture-detailed.png  used on input line 
273.
(pdftex.def)             Requested size: 8222.70007pt x 6112.82266pt.


[11 <./figures/architecture-clean.png>]

[12 <./figures/architecture-detailed.png>]
<figures/ai-workflow-clean.png, id=298, 8222.72pt x 4700.56125pt>
File: figures/ai-workflow-clean.png Graphic file (type png)
<use figures/ai-workflow-clean.png>
Package pdftex.def Info: figures/ai-workflow-clean.png  used on input line 286.

(pdftex.def)             Requested size: 448.69853pt x 256.48752pt.
<figures/ai-workflow-student-detailed.png, id=300, 8222.72pt x 4868.1875pt>
File: figures/ai-workflow-student-detailed.png Graphic file (type png)
<use figures/ai-workflow-student-detailed.png>
Package pdftex.def Info: figures/ai-workflow-student-detailed.png  used on inpu
t line 295.
(pdftex.def)             Requested size: 8222.70007pt x 4868.1757pt.


[13 <./figures/ai-workflow-clean.png>]
<figures/ai-workflow-admin-detailed.png, id=308, 8222.72pt x 4977.59625pt>
File: figures/ai-workflow-admin-detailed.png Graphic file (type png)
<use figures/ai-workflow-admin-detailed.png>
Package pdftex.def Info: figures/ai-workflow-admin-detailed.png  used on input 
line 304.
(pdftex.def)             Requested size: 8222.70007pt x 4977.58417pt.


[14 <./figures/ai-workflow-student-detailed.png>]

[15 <./figures/ai-workflow-admin-detailed.png>]
Underfull \hbox (badness 4266) in paragraph at lines 348--348
[]|\OT1/cmr/m/n/10.95 One-command startup
 []


Underfull \hbox (badness 1831) in paragraph at lines 348--348
[]|\OT1/cmr/m/n/10.95 Backend con-tract and
 []


Underfull \hbox (badness 10000) in paragraph at lines 348--348
[]|\OT1/cmr/m/n/10.95 Production Next.js
 []



[16]
Underfull \hbox (badness 4096) in paragraph at lines 386--386
[]|\OT1/cmr/m/n/10.95 Project co-or-di-na-tion, AI ar-chi-tec-ture,
 []

LaTeX Font Info:    External font `cmex10' loaded for size
(Font)              <7> on input line 414.
LaTeX Font Info:    External font `cmex10' loaded for size
(Font)              <5> on input line 414.


[17]

[18]

[19]

[20]
(C:\Users\timzc\Desktop\TUM\BIE\4th\AI Coding Modern Software Development\proje
ct\AISD-SS26-Group-7\output\final-report\build\AISD-SS26-Group-7-final-report.a
ux)
 ***********
LaTeX2e <2024-11-01> patch level 2
L3 programming layer <2025-01-18>
 ***********


LaTeX Font Warning: Some font shapes were not available, defaults substituted.

Package rerunfilecheck Info: File `AISD-SS26-Group-7-final-report.out' has not 
changed.
(rerunfilecheck)             Checksum: 5F34676AAE81ACCDF2B13CDAF4637E32;5853.
 ) 
Here is how much of TeX's memory you used:
 11687 strings out of 473523
 193218 string characters out of 5714630
 613551 words of memory out of 5000000
 34712 multiletter control sequences out of 15000+600000
 564517 words of font info for 55 fonts, out of 8000000 for 9000
 1141 hyphenation exceptions out of 8191
 75i,12n,79p,760b,569s stack positions out of 10000i,1000n,20000p,200000b,200000s
 <C:\Users\timzc\AppData\Local\MiKTeX\fonts/pk/ljfour/jknappen/ec/dpi600\tcrm
1095.pk><C:/Users/timzc/AppData/Local/Programs/MiKTeX/fonts/type1/public/amsfon
ts/cm/cmbx10.pfb><C:/Users/timzc/AppData/Local/Programs/MiKTeX/fonts/type1/publ
ic/amsfonts/cm/cmbx12.pfb><C:/Users/timzc/AppData/Local/Programs/MiKTeX/fonts/t
ype1/public/amsfonts/cm/cmr10.pfb><C:/Users/timzc/AppData/Local/Programs/MiKTeX
/fonts/type1/public/amsfonts/cm/cmr12.pfb><C:/Users/timzc/AppData/Local/Program
s/MiKTeX/fonts/type1/public/amsfonts/cm/cmsy10.pfb><C:/Users/timzc/AppData/Loca
l/Programs/MiKTeX/fonts/type1/public/amsfonts/cm/cmtt10.pfb>
Output written on "C:\Users\timzc\Desktop\TUM\BIE\4th\AI Coding Modern Software
 Development\project\AISD-SS26-Group-7\output\final-report\build\AISD-SS26-Grou
p-7-final-report.pdf" (23 pages, 5076291 bytes).
PDF statistics:
 402 PDF objects out of 1000 (max. 8388607)
 85 named destinations out of 1000 (max. 500000)
 369 words of extra memory for PDF output out of 10000 (max. 10000000)

